This is pdfTeX, Version 3.141592653-2.6-1.40.26 (MiKTeX 24.4) (preloaded format=pdflatex 2024.10.8)  14 MAY 2025 22:15
entering extended mode
 restricted \write18 enabled.
 %&-line parsing enabled.
**./wzor.tex
(wzor.tex
LaTeX2e <2024-06-01> patch level 2
L3 programming layer <2024-08-30>
(pracadypl.cls
(C:\Users\gab-o\AppData\Local\Programs\MiKTeX\tex/latex/base\report.cls
Document Class: report 2024/02/08 v1.4n Standard LaTeX document class
(C:\Users\gab-o\AppData\Local\Programs\MiKTeX\tex/latex/base\size12.clo
File: size12.clo 2024/02/08 v1.4n Standard LaTeX file (size option)
)
\c@part=\count194
\c@chapter=\count195
\c@section=\count196
\c@subsection=\count197
\c@subsubsection=\count198
\c@paragraph=\count199
\c@subparagraph=\count266
\c@figure=\count267
\c@table=\count268
\abovecaptionskip=\skip49
\belowcaptionskip=\skip50
\bibindent=\dimen141
))
(C:\Users\gab-o\AppData\Local\Programs\MiKTeX\tex/latex/tex-gyre\tgtermes.sty
Package: tgtermes 2009/09/27 v1.2 TeX Gyre Termes as default roman family

(C:\Users\gab-o\AppData\Local\Programs\MiKTeX\tex/latex/kvoptions\kvoptions.sty
Package: kvoptions 2022-06-15 v3.15 Key value format for package options (HO)
(C:\Users\gab-o\AppData\Local\Programs\MiKTeX\tex/latex/graphics\keyval.sty
Package: keyval 2022/05/29 v1.15 key=value parser (DPC)
\KV@toks@=\toks17
)
(C:\Users\gab-o\AppData\Local\Programs\MiKTeX\tex/generic/ltxcmds\ltxcmds.sty
Package: ltxcmds 2023-12-04 v1.26 LaTeX kernel commands for general use (HO)
)
(C:\Users\gab-o\AppData\Local\Programs\MiKTeX\tex/latex/kvsetkeys\kvsetkeys.sty
Package: kvsetkeys 2022-10-05 v1.19 Key value parser (HO)
))) (C:\Users\gab-o\AppData\Local\Programs\MiKTeX\tex/latex/base\fontenc.sty
Package: fontenc 2021/04/29 v2.0v Standard LaTeX package
LaTeX Font Info:    Trying to load font information for T1+qtm on input line 11
6.

(C:\Users\gab-o\AppData\Local\Programs\MiKTeX\tex/latex/tex-gyre\t1qtm.fd
File: t1qtm.fd 2009/09/25 v1.2 font definition file for T1/qtm
))
(C:\Users\gab-o\AppData\Local\Programs\MiKTeX\tex/latex/polski\polski.sty
Package: polski 2021/08/25 v1.3.6 Polish language package
)
(C:\Users\gab-o\AppData\Local\Programs\MiKTeX\tex/latex/base\inputenc.sty
Package: inputenc 2024/02/08 v1.3d Input encoding file
\inpenc@prehook=\toks18
\inpenc@posthook=\toks19
)
(C:\Users\gab-o\AppData\Local\Programs\MiKTeX\tex/generic/pdftex\glyphtounicode
.tex)
(C:\Users\gab-o\AppData\Local\Programs\MiKTeX\tex/latex/amsfonts\amssymb.sty
Package: amssymb 2013/01/14 v3.01 AMS font symbols

(C:\Users\gab-o\AppData\Local\Programs\MiKTeX\tex/latex/amsfonts\amsfonts.sty
Package: amsfonts 2013/01/14 v3.01 Basic AMSFonts support
\@emptytoks=\toks20
\symAMSa=\mathgroup4
\symAMSb=\mathgroup5
LaTeX Font Info:    Redeclaring math symbol \hbar on input line 98.
LaTeX Font Info:    Overwriting math alphabet `\mathfrak' in version `bold'
(Font)                  U/euf/m/n --> U/euf/b/n on input line 106.
)) (C:\Users\gab-o\AppData\Local\Programs\MiKTeX\tex/latex/amsmath\amsmath.sty
Package: amsmath 2024/05/23 v2.17q AMS math features
\@mathmargin=\skip51

For additional information on amsmath, use the `?' option.
(C:\Users\gab-o\AppData\Local\Programs\MiKTeX\tex/latex/amsmath\amstext.sty
Package: amstext 2021/08/26 v2.01 AMS text

(C:\Users\gab-o\AppData\Local\Programs\MiKTeX\tex/latex/amsmath\amsgen.sty
File: amsgen.sty 1999/11/30 v2.0 generic functions
\@emptytoks=\toks21
\ex@=\dimen142
))
(C:\Users\gab-o\AppData\Local\Programs\MiKTeX\tex/latex/amsmath\amsbsy.sty
Package: amsbsy 1999/11/29 v1.2d Bold Symbols
\pmbraise@=\dimen143
)
(C:\Users\gab-o\AppData\Local\Programs\MiKTeX\tex/latex/amsmath\amsopn.sty
Package: amsopn 2022/04/08 v2.04 operator names
)
\inf@bad=\count269
LaTeX Info: Redefining \frac on input line 233.
\uproot@=\count270
\leftroot@=\count271
LaTeX Info: Redefining \overline on input line 398.
LaTeX Info: Redefining \colon on input line 409.
\classnum@=\count272
\DOTSCASE@=\count273
LaTeX Info: Redefining \ldots on input line 495.
LaTeX Info: Redefining \dots on input line 498.
LaTeX Info: Redefining \cdots on input line 619.
\Mathstrutbox@=\box52
\strutbox@=\box53
LaTeX Info: Redefining \big on input line 721.
LaTeX Info: Redefining \Big on input line 722.
LaTeX Info: Redefining \bigg on input line 723.
LaTeX Info: Redefining \Bigg on input line 724.
\big@size=\dimen144
LaTeX Font Info:    Redeclaring font encoding OML on input line 742.
LaTeX Font Info:    Redeclaring font encoding OMS on input line 743.
\macc@depth=\count274
LaTeX Info: Redefining \bmod on input line 904.
LaTeX Info: Redefining \pmod on input line 909.
LaTeX Info: Redefining \smash on input line 939.
LaTeX Info: Redefining \relbar on input line 969.
LaTeX Info: Redefining \Relbar on input line 970.
\c@MaxMatrixCols=\count275
\dotsspace@=\muskip17
\c@parentequation=\count276
\dspbrk@lvl=\count277
\tag@help=\toks22
\row@=\count278
\column@=\count279
\maxfields@=\count280
\andhelp@=\toks23
\eqnshift@=\dimen145
\alignsep@=\dimen146
\tagshift@=\dimen147
\tagwidth@=\dimen148
\totwidth@=\dimen149
\lineht@=\dimen150
\@envbody=\toks24
\multlinegap=\skip52
\multlinetaggap=\skip53
\mathdisplay@stack=\toks25
LaTeX Info: Redefining \[ on input line 2953.
LaTeX Info: Redefining \] on input line 2954.
)
(C:\Users\gab-o\AppData\Local\Programs\MiKTeX\tex/latex/caption\caption.sty
Package: caption 2023/08/05 v3.6o Customizing captions (AR)

(C:\Users\gab-o\AppData\Local\Programs\MiKTeX\tex/latex/caption\caption3.sty
Package: caption3 2023/07/31 v2.4d caption3 kernel (AR)
\caption@tempdima=\dimen151
\captionmargin=\dimen152
\caption@leftmargin=\dimen153
\caption@rightmargin=\dimen154
\caption@width=\dimen155
\caption@indent=\dimen156
\caption@parindent=\dimen157
\caption@hangindent=\dimen158
Package caption Info: Standard document class detected.
)
\c@caption@flags=\count281
\c@continuedfloat=\count282
)
(C:\Users\gab-o\AppData\Local\Programs\MiKTeX\tex/latex/graphics\graphicx.sty
Package: graphicx 2021/09/16 v1.2d Enhanced LaTeX Graphics (DPC,SPQR)

(C:\Users\gab-o\AppData\Local\Programs\MiKTeX\tex/latex/graphics\graphics.sty
Package: graphics 2024/05/23 v1.4g Standard LaTeX Graphics (DPC,SPQR)

(C:\Users\gab-o\AppData\Local\Programs\MiKTeX\tex/latex/graphics\trig.sty
Package: trig 2023/12/02 v1.11 sin cos tan (DPC)
)
(C:\Users\gab-o\AppData\Local\Programs\MiKTeX\tex/latex/graphics-cfg\graphics.c
fg
File: graphics.cfg 2016/06/04 v1.11 sample graphics configuration
)
Package graphics Info: Driver file: pdftex.def on input line 106.

(C:\Users\gab-o\AppData\Local\Programs\MiKTeX\tex/latex/graphics-def\pdftex.def
File: pdftex.def 2024/04/13 v1.2c Graphics/color driver for pdftex
))
\Gin@req@height=\dimen159
\Gin@req@width=\dimen160
)
(C:\Users\gab-o\AppData\Local\Programs\MiKTeX\tex/latex/titlesec\titlesec.sty
Package: titlesec 2025/01/04 v2.17 Sectioning titles
\ttl@box=\box54
\beforetitleunit=\skip54
\aftertitleunit=\skip55
\ttl@plus=\dimen161
\ttl@minus=\dimen162
\ttl@toksa=\toks26
\titlewidth=\dimen163
\titlewidthlast=\dimen164
\titlewidthfirst=\dimen165
)
(C:\Users\gab-o\AppData\Local\Programs\MiKTeX\tex/latex/graphics\color.sty
Package: color 2024/01/14 v1.3d Standard LaTeX Color (DPC)

(C:\Users\gab-o\AppData\Local\Programs\MiKTeX\tex/latex/graphics-cfg\color.cfg
File: color.cfg 2016/01/02 v1.6 sample color configuration
)
Package color Info: Driver file: pdftex.def on input line 149.
(C:\Users\gab-o\AppData\Local\Programs\MiKTeX\tex/latex/graphics\mathcolor.ltx)
) (C:\Users\gab-o\AppData\Local\Programs\MiKTeX\tex/latex/xcolor\xcolor.sty
Package: xcolor 2023/11/15 v3.01 LaTeX color extensions (UK)

(C:\Users\gab-o\AppData\Local\Programs\MiKTeX\tex/latex/graphics-cfg\color.cfg
File: color.cfg 2016/01/02 v1.6 sample color configuration
)
Package xcolor Info: Driver file: pdftex.def on input line 274.
LaTeX Info: Redefining \color on input line 758.
(C:\Users\gab-o\AppData\Local\Programs\MiKTeX\tex/latex/graphics\mathcolor.ltx)
Package xcolor Info: Model `cmy' substituted by `cmy0' on input line 1350.
Package xcolor Info: Model `hsb' substituted by `rgb' on input line 1354.
Package xcolor Info: Model `RGB' extended on input line 1366.
Package xcolor Info: Model `HTML' substituted by `rgb' on input line 1368.
Package xcolor Info: Model `Hsb' substituted by `hsb' on input line 1369.
Package xcolor Info: Model `tHsb' substituted by `hsb' on input line 1370.
Package xcolor Info: Model `HSB' substituted by `hsb' on input line 1371.
Package xcolor Info: Model `Gray' substituted by `gray' on input line 1372.
Package xcolor Info: Model `wave' substituted by `hsb' on input line 1373.
) (C:\Users\gab-o\AppData\Local\Programs\MiKTeX\tex/latex/float\float.sty
Package: float 2001/11/08 v1.3d Float enhancements (AL)
\c@float@type=\count283
\float@exts=\toks27
\float@box=\box55
\@float@everytoks=\toks28
\@floatcapt=\box56
)
\c@defi=\count284
\c@uwaga=\count285
\c@tw=\count286
\c@lem=\count287
\c@wn=\count288

(C:\Users\gab-o\AppData\Local\Programs\MiKTeX\tex/latex/l3backend\l3backend-pdf
tex.def
File: l3backend-pdftex.def 2024-05-08 L3 backend support: PDF output (pdfTeX)
\l__color_backend_stack_int=\count289
\l__pdf_internal_box=\box57
) (wzor.aux

LaTeX Warning: Label `fig:rpi' multiply defined.


LaTeX Warning: Label `fig:rpi' multiply defined.


LaTeX Warning: Label `fig:mono' multiply defined.


LaTeX Warning: Label `fig:mono' multiply defined.


LaTeX Warning: Label `fig:mono' multiply defined.


LaTeX Warning: Label `fig:mono' multiply defined.


LaTeX Warning: Label `fig:rpi' multiply defined.


LaTeX Warning: Label `fig:rpi' multiply defined.

)
\openout1 = `wzor.aux'.

LaTeX Font Info:    Checking defaults for OML/cmm/m/it on input line 83.
LaTeX Font Info:    ... okay on input line 83.
LaTeX Font Info:    Checking defaults for OMS/cmsy/m/n on input line 83.
LaTeX Font Info:    ... okay on input line 83.
LaTeX Font Info:    Checking defaults for OT1/cmr/m/n on input line 83.
LaTeX Font Info:    ... okay on input line 83.
LaTeX Font Info:    Checking defaults for T1/cmr/m/n on input line 83.
LaTeX Font Info:    ... okay on input line 83.
LaTeX Font Info:    Checking defaults for TS1/cmr/m/n on input line 83.
LaTeX Font Info:    ... okay on input line 83.
LaTeX Font Info:    Checking defaults for OMX/cmex/m/n on input line 83.
LaTeX Font Info:    ... okay on input line 83.
LaTeX Font Info:    Checking defaults for U/cmr/m/n on input line 83.
LaTeX Font Info:    ... okay on input line 83.
Package caption Info: Begin \AtBeginDocument code.
Package caption Info: float package is loaded.
Package caption Info: End \AtBeginDocument code.

(C:\Users\gab-o\AppData\Local\Programs\MiKTeX\tex/context/base/mkii\supp-pdf.mk
ii
[Loading MPS to PDF converter (version 2006.09.02).]
\scratchcounter=\count290
\scratchdimen=\dimen166
\scratchbox=\box58
\nofMPsegments=\count291
\nofMParguments=\count292
\everyMPshowfont=\toks29
\MPscratchCnt=\count293
\MPscratchDim=\dimen167
\MPnumerator=\count294
\makeMPintoPDFobject=\count295
\everyMPtoPDFconversion=\toks30
)
(C:\Users\gab-o\AppData\Local\Programs\MiKTeX\tex/latex/epstopdf-pkg\epstopdf-b
ase.sty
Package: epstopdf-base 2020-01-24 v2.11 Base part for package epstopdf
Package epstopdf-base Info: Redefining graphics rule for `.eps' on input line 4
85.

(C:\Users\gab-o\AppData\Local\Programs\MiKTeX\tex/latex/00miktex\epstopdf-sys.c
fg
File: epstopdf-sys.cfg 2021/03/18 v2.0 Configuration of epstopdf for MiKTeX
))
<images/logo_math_ul_h_pl_rgb.png, id=1, 1514.65875pt x 587.19376pt>
File: images/logo_math_ul_h_pl_rgb.png Graphic file (type png)
<use images/logo_math_ul_h_pl_rgb.png>
Package pdftex.def Info: images/logo_math_ul_h_pl_rgb.png  used on input line 8
5.
(pdftex.def)             Requested size: 378.66376pt x 146.79808pt.
LaTeX Font Info:    Trying to load font information for U+msa on input line 85.

 (C:\Users\gab-o\AppData\Local\Programs\MiKTeX\tex/latex/amsfonts\umsa.fd
File: umsa.fd 2013/01/14 v3.01 AMS symbols A
)
LaTeX Font Info:    Trying to load font information for U+msb on input line 85.


(C:\Users\gab-o\AppData\Local\Programs\MiKTeX\tex/latex/amsfonts\umsb.fd
File: umsb.fd 2013/01/14 v3.01 AMS symbols B
)

[1

{C:/Users/gab-o/AppData/Local/MiKTeX/fonts/map/pdftex/pdftex.map}{C:/Users/gab-
o/AppData/Local/Programs/MiKTeX/fonts/enc/dvips/tex-gyre/q-ec.enc} <./images/lo
go_math_ul_h_pl_rgb.png>]

[2] (wzor.toc

[3

])
\tf@toc=\write3
\openout3 = `wzor.toc'.



[4]
Rozdzia\PlPrIeC {\l } 1.


[5

]

[6

]
Rozdzia\PlPrIeC {\l } 2.

LaTeX Warning: Citation `Kostrykin' on page 7 undefined on input line 102.


LaTeX Warning: Citation `Lang' on page 7 undefined on input line 102.



[7]

[8

]
Rozdzia\PlPrIeC {\l } 3.
<images/light.png, id=37, 401.5pt x 274.02374pt>
File: images/light.png Graphic file (type png)
<use images/light.png>
Package pdftex.def Info: images/light.png  used on input line 136.
(pdftex.def)             Requested size: 220.50887pt x 150.50027pt.
LaTeX Font Info:    Trying to load font information for TS1+qtm on input line 1
47.
(C:\Users\gab-o\AppData\Local\Programs\MiKTeX\tex/latex/tex-gyre\ts1qtm.fd
File: ts1qtm.fd 2009/09/25 v1.2 font definition file for TS1/qtm
)
Overfull \hbox (14.09293pt too wide) in paragraph at lines 147--148
[]\T1/qtm/m/n/12 Znieksztaªcenie pro-mie-nio-we(radialne) ^^V spo-wo-do-wa-ne k
sztaª-tem so-czew-ki,wyst¦puj¡ce
 []



[9 <./images/light.png>]
<images/pinhole.png, id=42, 315.42844pt x 130.23656pt>
File: images/pinhole.png Graphic file (type png)
<use images/pinhole.png>
Package pdftex.def Info: images/pinhole.png  used on input line 190.
(pdftex.def)             Requested size: 220.50887pt x 91.04573pt.


[10{C:/Users/gab-o/AppData/Local/Programs/MiKTeX/fonts/enc/dvips/tex-gyre/q-ts1
.enc}]

[11 <./images/pinhole.png>]
<images/barrel.png, id=53, 1027.84pt x 1027.84pt>
File: images/barrel.png Graphic file (type png)
<use images/barrel.png>
Package pdftex.def Info: images/barrel.png  used on input line 261.
(pdftex.def)             Requested size: 132.30666pt x 132.30647pt.


[12 <./images/barrel.png>]

[13]
Overfull \hbox (10.15405pt too wide) in paragraph at lines 330--331
[]\T1/qtm/m/n/12 W ten spo-sób otrzy-mu-je-my osta-tecz-n¡, sko-ry-go-wa-n¡ po-
zy-cj¦ punk-tu ob-ra-zu, któ-ra uwzgl¦d-
 []

<images/MONO.png, id=64, 359.3425pt x 313.17pt>
File: images/MONO.png Graphic file (type png)
<use images/MONO.png>
Package pdftex.def Info: images/MONO.png  used on input line 342.
(pdftex.def)             Requested size: 88.2022pt x 76.86829pt.


[14 <./images/MONO.png>]
Overfull \hbox (17.62482pt too wide) in paragraph at lines 374--386
[][] 
 []



[15]
<images/MAINSTEREO.png, id=72, 788.9475pt x 207.77625pt>
File: images/MAINSTEREO.png Graphic file (type png)
<use images/MAINSTEREO.png>
Package pdftex.def Info: images/MAINSTEREO.png  used on input line 391.
(pdftex.def)             Requested size: 220.50887pt x 58.07231pt.

Overfull \hbox (8.93008pt too wide) in paragraph at lines 401--402
[]\T1/qtm/m/n/12 W sys-te-mie ste-reo-wi-zyj-nym wy-ko-rzy-stu-je si¦ dwa ob-ra
-zy uchwy-co-ne przez ka-me-ry umiesz-
 []


Overfull \hbox (20.11821pt too wide) in paragraph at lines 401--402
\T1/qtm/m/n/12 prze-su-ni¦-cie ob-ra-zu te-go sa-me-go punk-tu sce-ny po-mi¦-dz
y ob-ra-za-mi le-we-go i pra-we-go oka/kamery. 
 []



[16 <./images/MAINSTEREO.png>]
Overfull \hbox (17.62482pt too wide) in paragraph at lines 415--429
[][] 
 []

<images/POINTCLOUD.png, id=77, 2441.12pt x 722.7pt>
File: images/POINTCLOUD.png Graphic file (type png)
<use images/POINTCLOUD.png>
Package pdftex.def Info: images/POINTCLOUD.png  used on input line 434.
(pdftex.def)             Requested size: 220.50887pt x 65.27176pt.


[17 <./images/POINTCLOUD.png>]
Overfull \hbox (17.62482pt too wide) in paragraph at lines 464--478
[][] 
 []

<images/LIDAR.png, id=82, 290.08376pt x 290.08376pt>
File: images/LIDAR.png Graphic file (type png)
<use images/LIDAR.png>
Package pdftex.def Info: images/LIDAR.png  used on input line 483.
(pdftex.def)             Requested size: 132.30666pt x 132.307pt.

Underfull \vbox (badness 2529) has occurred while \output is active []



[18]
Overfull \hbox (17.62482pt too wide) in paragraph at lines 512--526
[][] 
 []



[19 <./images/LIDAR.png>]

[20]
Overfull \hbox (17.62482pt too wide) in paragraph at lines 559--573
[][] 
 []

<images/RPI-PIN.jpg, id=94, 1214.5375pt x 644.4075pt>
File: images/RPI-PIN.jpg Graphic file (type jpg)
<use images/RPI-PIN.jpg>
Package pdftex.def Info: images/RPI-PIN.jpg  used on input line 580.
(pdftex.def)             Requested size: 308.71106pt x 163.79567pt.

Underfull \vbox (badness 10000) has occurred while \output is active []



[21]
File: images/MAINSTEREO.png Graphic file (type png)
<use images/MAINSTEREO.png>
Package pdftex.def Info: images/MAINSTEREO.png  used on input line 590.
(pdftex.def)             Requested size: 220.50887pt x 58.07231pt.


[22 <./images/RPI-PIN.jpg>]
<images/triangulation.png, id=101, 227.34938pt x 216.81pt>
File: images/triangulation.png Graphic file (type png)
<use images/triangulation.png>
Package pdftex.def Info: images/triangulation.png  used on input line 615.
(pdftex.def)             Requested size: 220.50887pt x 210.2889pt.


[23 <./images/triangulation.png>]
<images/epipolar.png, id=106, 295.1025pt x 184.43906pt>
File: images/epipolar.png Graphic file (type png)
<use images/epipolar.png>
Package pdftex.def Info: images/epipolar.png  used on input line 649.
(pdftex.def)             Requested size: 308.71106pt x 192.94907pt.


[24 <./images/epipolar.png>]
Underfull \hbox (badness 10000) in paragraph at lines 691--693

 []


Underfull \hbox (badness 10000) in paragraph at lines 693--695

 []



[25]

[26]

[27]

[28

]
Rozdzia\PlPrIeC {\l } 4.

Overfull \hbox (34.74306pt too wide) in paragraph at lines 790--801
[]\T1/qtm/m/n/12 Program do ro-bie-nia zdj¦¢ do pó¹-niej-szej ka-li-bra-cji no-
si na-zw¦ ^^RTake-images-for-calibration.py^^Q.
 []



[29]
Overfull \hbox (1.65025pt too wide) in paragraph at lines 837--838
\T1/qtm/m/n/12 images-for-calibration.py^^Q. Ka-li-bra-cja ta opie-ra si¦ na ^^
RTake-images-for-calibration.py^^Q, gdzie
 []



[30]
Overfull \hbox (127.01111pt too wide) in paragraph at lines 841--842
[]\T1/qtm/m/n/12 Aby uzy-ska¢ opty-mal-ne ma-cie-rze ka-mer dla ka»-dej z nich,
 u»y-wa-na jest funk-cja cv2.getOptimalNewCameraMatrix()
 []


Overfull \hbox (46.6852pt too wide) in paragraph at lines 855--856
\T1/qtm/m/n/12 Aby ob-li-czy¢ ma-p¦ dys-pa-ry-cji, two-rzo-ny jest obiekt Ste-r
eo-SGBM za po-mo-c¡ funk-cji cv2.StereoSGBM-
 []



[31]

[32]
Overfull \hbox (132.31825pt too wide) in paragraph at lines 887--888
\T1/qtm/m/n/12 ge-ne-ro-wa-nia ma-py dys-pa-ry-cji. In-stan-cja fil-tra jest tw
o-rzo-na za po-mo-c¡ funk-cji cv2.ximgproc.createDisparityWLSFilter(). 
 []


Overfull \hbox (144.95111pt too wide) in paragraph at lines 889--890
[]\T1/qtm/m/n/12 Aby za-sto-so-wa¢ in-stan-cj¦ fil-tra WLS, wy-wo-ªy-wa-na jest
 na-st¦-pu-j¡-ca me-to-da: cv2.ximgproc.createRightMatcher().filter(),
 []


Overfull \hbox (62.29509pt too wide) in paragraph at lines 891--892
[]\T1/qtm/m/n/12 Zastosowano ma-p¦ ko-lo-rów Oce-an, aby uzy-ska¢ lep-sz¡ wi-zu
-ali-za-cj¦, za po-mo-c¡ cv2.applyColorMap().
 []


Overfull \hbox (7.04706pt too wide) in paragraph at lines 895--896
[]\T1/qtm/m/n/12 Aby wy-ko-rzy-sta¢ do-bre war-to-±ci do pó¹-niej-sze-go mie-rz
e-nia od-le-gªo-±ci do obiek-tów, wspóª-
 []



[33]

[34]
Rozdzia\PlPrIeC {\l } 5.


[35

]

[36

]
Overfull \hbox (90.3002pt too wide) in paragraph at lines 939--941
[]\T1/qtm/m/n/12 Stereo and 3D Vi-sion, Ra-jesh Rao, \T1/qtm/m/it/12 https://co
urses.cs.washington.edu/courses/cse455/09wi/Lects/lect16.pdf\T1/qtm/m/n/12 . 
 []



[37] (wzor.aux)
 ***********
LaTeX2e <2024-06-01> patch level 2
L3 programming layer <2024-08-30>
 ***********


LaTeX Warning: There were undefined references.


LaTeX Warning: There were multiply-defined labels.

 ) 
Here is how much of TeX's memory you used:
 5809 strings out of 473898
 92712 string characters out of 5726479
 477546 words of memory out of 5000000
 28613 multiletter control sequences out of 15000+600000
 602671 words of font info for 79 fonts, out of 8000000 for 9000
 1141 hyphenation exceptions out of 8191
 57i,11n,65p,751b,383s stack positions out of 10000i,1000n,20000p,200000b,200000s
<C:/Users/gab-o/AppData/Local/Programs/MiKTeX/fonts/type1/public/amsfonts/cm/
cmex10.pfb><C:/Users/gab-o/AppData/Local/Programs/MiKTeX/fonts/type1/public/ams
fonts/cm/cmmi12.pfb><C:/Users/gab-o/AppData/Local/Programs/MiKTeX/fonts/type1/p
ublic/amsfonts/cm/cmmi8.pfb><C:/Users/gab-o/AppData/Local/Programs/MiKTeX/fonts
/type1/public/amsfonts/cm/cmr12.pfb><C:/Users/gab-o/AppData/Local/Programs/MiKT
eX/fonts/type1/public/amsfonts/cm/cmr8.pfb><C:/Users/gab-o/AppData/Local/Progra
ms/MiKTeX/fonts/type1/public/amsfonts/cm/cmsy10.pfb><C:/Users/gab-o/AppData/Loc
al/Programs/MiKTeX/fonts/type1/public/amsfonts/cm/cmsy6.pfb><C:/Users/gab-o/App
Data/Local/Programs/MiKTeX/fonts/type1/public/amsfonts/cm/cmsy8.pfb><C:/Users/g
ab-o/AppData/Local/Programs/MiKTeX/fonts/type1/public/tex-gyre/qtmb.pfb><C:/Use
rs/gab-o/AppData/Local/Programs/MiKTeX/fonts/type1/public/tex-gyre/qtmr.pfb><C:
/Users/gab-o/AppData/Local/Programs/MiKTeX/fonts/type1/public/tex-gyre/qtmri.pf
b>
Output written on wzor.pdf (37 pages, 1355989 bytes).
PDF statistics:
 205 PDF objects out of 1000 (max. 8388607)
 0 named destinations out of 1000 (max. 500000)
 56 words of extra memory for PDF output out of 10000 (max. 10000000)

